Arguments: 
  C:\nvm\node.exe C:\nvm\node_modules\yarn\bin\yarn.js install --mutex network:42424 --non-interactive

PATH: 
  C:\Users\henry\AppData\Local\Temp\yarn--1645213296864-0.26173800408294867;C:\Trabalho\viralata\web3-solid\node_modules\.bin;C:\Users\henry\AppData\Local\Yarn\Data\link\node_modules\.bin;C:\Users\henry\AppData\Local\Yarn\bin;C:\libexec\lib\node_modules\npm\bin\node-gyp-bin;C:\lib\node_modules\npm\bin\node-gyp-bin;C:\nvm\node_modules\npm\bin\node-gyp-bin;C:\Users\henry\bin;C:\Program Files\Git\mingw64\bin;C:\Program Files\Git\usr\local\bin;C:\Program Files\Git\usr\bin;C:\Program Files\Git\usr\bin;C:\Program Files\Git\mingw64\bin;C:\Program Files\Git\usr\bin;C:\Users\henry\bin;C:\Python310\Scripts;C:\Python310;C:\Windows\system32;C:\Windows;C:\Windows\System32\Wbem;C:\Windows\System32\WindowsPowerShell\v1.0;C:\Windows\System32\OpenSSH;C:\Program Files (x86)\NVIDIA Corporation\PhysX\Common;C:\Program Files\NVIDIA Corporation\NVIDIA NvDLISR;C:\WINDOWS\system32;C:\WINDOWS;C:\WINDOWS\System32\Wbem;C:\WINDOWS\System32\WindowsPowerShell\v1.0;C:\WINDOWS\System32\OpenSSH;C:\Program Files\Git\cmd;C:\ProgramData\chocolatey\bin;C:\Program Files\Docker\Docker\resources\bin;C:\ProgramData\DockerDesktop\version-bin;C:\TDM-GCC-64\bin;C:\Program Files\Go\bin;C:\Program Files (x86)\Geth;%NVM_HOME%;%NVM_SYMLINK%;C:\Program Files (x86)\Orange C 386\bin;C:\Users\henry\AppData\Local\Microsoft\WindowsApps;C:\Users\henry\AppData\Local\Programs\Microsoft VS Code\bin;C:\Users\henry\go\bin;C:\Users\henry\AppData\Roaming\nvm;C:\nvm;C:\Program Files\Git\usr\bin\vendor_perl;C:\Program Files\Git\usr\bin\core_perl

Yarn version: 
  1.22.17

Node version: 
  16.14.0

Platform: 
  win32 x64

Trace: 
  Error: https://registry.yarnpkg.com/@web3-solid%2fstore: Not found
      at Request.params.callback [as _callback] (C:\Users\henry\AppData\Roaming\nvm\v16.14.0\node_modules\yarn\lib\cli.js:67029:18)
      at Request.self.callback (C:\Users\henry\AppData\Roaming\nvm\v16.14.0\node_modules\yarn\lib\cli.js:140883:22)
      at Request.emit (node:events:520:28)
      at Request.<anonymous> (C:\Users\henry\AppData\Roaming\nvm\v16.14.0\node_modules\yarn\lib\cli.js:141855:10)
      at Request.emit (node:events:520:28)
      at IncomingMessage.<anonymous> (C:\Users\henry\AppData\Roaming\nvm\v16.14.0\node_modules\yarn\lib\cli.js:141777:12)
      at Object.onceWrapper (node:events:639:28)
      at IncomingMessage.emit (node:events:532:35)
      at endReadableNT (node:internal/streams/readable:1346:12)
      at processTicksAndRejections (node:internal/process/task_queues:83:21)

npm manifest: 
  {
  	"name": "@web3-solid/walletlink",
  	"keywords": [
  		"web3-solid",
  		"walletlink"
  	],
  	"author": "Noah Zinsmeister <noahwz@gmail.com>",
  	"license": "GPL-3.0-or-later",
  	"repository": "github:NoahZinsmeister/web3-solid",
  	"publishConfig": {
  		"access": "public"
  	},
  	"version": "1.0.0",
  	"type": "module",
  	"files": [
  		"dist/*"
  	],
  	"exports": {
  		"types": "./dist/index.d.ts",
  		"import": "./dist/index.js",
  		"require": "./dist/cjs/index.js"
  	},
  	"types": "./dist/index.d.ts",
  	"module": "./dist/index.js",
  	"main": "./dist/cjs/index.js",
  	"peerDependencies": {
  		"walletlink": "^2.4.5"
  	},
  	"devDependencies": {
  		"@web3-solid/store": "^8.0.5-beta.0"
  	}
  }

yarn manifest: 
  No manifest

Lockfile: 
  No lockfile
