Arguments: 
  C:\nvm\node.exe C:\nvm\node_modules\yarn\bin\yarn.js install --mutex network:42424 --non-interactive

PATH: 
  C:\Users\henry\AppData\Local\Temp\yarn--1645212348887-0.8420836635832853;C:\Trabalho\viralata\web3-solid\node_modules\.bin;C:\Users\henry\AppData\Local\Yarn\Data\link\node_modules\.bin;C:\Users\henry\AppData\Local\Yarn\bin;C:\libexec\lib\node_modules\npm\bin\node-gyp-bin;C:\lib\node_modules\npm\bin\node-gyp-bin;C:\nvm\node_modules\npm\bin\node-gyp-bin;C:\Users\henry\bin;C:\Program Files\Git\mingw64\bin;C:\Program Files\Git\usr\local\bin;C:\Program Files\Git\usr\bin;C:\Program Files\Git\usr\bin;C:\Program Files\Git\mingw64\bin;C:\Program Files\Git\usr\bin;C:\Users\henry\bin;C:\Python310\Scripts;C:\Python310;C:\Windows\system32;C:\Windows;C:\Windows\System32\Wbem;C:\Windows\System32\WindowsPowerShell\v1.0;C:\Windows\System32\OpenSSH;C:\Program Files (x86)\NVIDIA Corporation\PhysX\Common;C:\Program Files\NVIDIA Corporation\NVIDIA NvDLISR;C:\WINDOWS\system32;C:\WINDOWS;C:\WINDOWS\System32\Wbem;C:\WINDOWS\System32\WindowsPowerShell\v1.0;C:\WINDOWS\System32\OpenSSH;C:\Program Files\Git\cmd;C:\ProgramData\chocolatey\bin;C:\Program Files\Docker\Docker\resources\bin;C:\ProgramData\DockerDesktop\version-bin;C:\TDM-GCC-64\bin;C:\Program Files\Go\bin;C:\Program Files (x86)\Geth;%NVM_HOME%;%NVM_SYMLINK%;C:\Program Files (x86)\Orange C 386\bin;C:\Users\henry\AppData\Local\Microsoft\WindowsApps;C:\Users\henry\AppData\Local\Programs\Microsoft VS Code\bin;C:\Users\henry\go\bin;C:\Users\henry\AppData\Roaming\nvm;C:\nvm;C:\Program Files\Git\usr\bin\vendor_perl;C:\Program Files\Git\usr\bin\core_perl

Yarn version: 
  1.22.17

Node version: 
  16.14.0

Platform: 
  win32 x64

Trace: 
  Error: https://registry.yarnpkg.com/@web3-solid%2fstore: Not found
      at Request.params.callback [as _callback] (C:\Users\henry\AppData\Roaming\nvm\v16.14.0\node_modules\yarn\lib\cli.js:67029:18)
      at Request.self.callback (C:\Users\henry\AppData\Roaming\nvm\v16.14.0\node_modules\yarn\lib\cli.js:140883:22)
      at Request.emit (node:events:520:28)
      at Request.<anonymous> (C:\Users\henry\AppData\Roaming\nvm\v16.14.0\node_modules\yarn\lib\cli.js:141855:10)
      at Request.emit (node:events:520:28)
      at IncomingMessage.<anonymous> (C:\Users\henry\AppData\Roaming\nvm\v16.14.0\node_modules\yarn\lib\cli.js:141777:12)
      at Object.onceWrapper (node:events:639:28)
      at IncomingMessage.emit (node:events:532:35)
      at endReadableNT (node:internal/streams/readable:1346:12)
      at processTicksAndRejections (node:internal/process/task_queues:83:21)

npm manifest: 
  {
    "name": "@web3-solid/core",
    "keywords": [
      "web3-solid"
    ],
    "author": "Noah Zinsmeister <noahwz@gmail.com>",
    "license": "GPL-3.0-or-later",
    "repository": "github:NoahZinsmeister/web3-solid",
    "publishConfig": {
      "access": "public"
    },
    "version": "1.0.0",
    "type": "module",
    "files": [
      "dist/*"
    ],
    "exports": {
      "types": "./dist/index.d.ts",
      "import": "./dist/index.js",
      "require": "./dist/cjs/index.js"
    },
    "types": "./dist/index.d.ts",
    "module": "./dist/index.js",
    "main": "./dist/cjs/index.js",
    "scripts": {
      "prebuild": "rm -rf dist",
      "build": "tsc && tsc --project tsconfig.cjs.json",
      "start": "tsc --watch"
    },
    "dependencies": {
      "@web3-solid/store": "^8.0.5-beta.0",
      "@web3-solid/types": "^8.0.3-beta.0",
      "babel-preset-solid": "^1.3.6",
      "solid-js": "^1.3.7",
      "zustand": "^4.0.0-beta.0"
    },
    "peerDependencies": {
      "react": ">=16.8"
    },
    "optionalDependencies": {
      "@ethersproject/providers": "^5.5.1"
    },
    "devDependencies": {
      "typescript": "^4.5.5"
    }
  }

yarn manifest: 
  No manifest

Lockfile: 
  # THIS IS AN AUTOGENERATED FILE. DO NOT EDIT THIS FILE DIRECTLY.
  # yarn lockfile v1
  
  
  "@babel/helper-module-imports@7.16.0":
    version "7.16.0"
    resolved "https://registry.yarnpkg.com/@babel/helper-module-imports/-/helper-module-imports-7.16.0.tgz#90538e60b672ecf1b448f5f4f5433d37e79a3ec3"
    integrity sha512-kkH7sWzKPq0xt3H1n+ghb4xEMP8k0U7XV3kkB+ZGy69kDk2ySFW1qPi06sjKzFY3t1j6XbJSqr4mF9L7CYVyhg==
    dependencies:
      "@babel/types" "^7.16.0"
  
  "@babel/helper-plugin-utils@^7.16.7":
    version "7.16.7"
    resolved "https://registry.yarnpkg.com/@babel/helper-plugin-utils/-/helper-plugin-utils-7.16.7.tgz#aa3a8ab4c3cceff8e65eb9e73d87dc4ff320b2f5"
    integrity sha512-Qg3Nk7ZxpgMrsox6HreY1ZNKdBq7K72tDSliA6dCl5f007jR4ne8iD5UzuNnCJH2xBf2BEEVGr+/OL6Gdp7RxA==
  
  "@babel/helper-validator-identifier@^7.16.7":
    version "7.16.7"
    resolved "https://registry.yarnpkg.com/@babel/helper-validator-identifier/-/helper-validator-identifier-7.16.7.tgz#e8c602438c4a8195751243da9031d1607d247cad"
    integrity sha512-hsEnFemeiW4D08A5gUAZxLBTXpZ39P+a+DGDsHw1yxqyQ/jzFEnxf5uTEGp+3bzAbNOxU1paTgYS4ECU/IgfDw==
  
  "@babel/plugin-syntax-jsx@^7.16.5":
    version "7.16.7"
    resolved "https://registry.yarnpkg.com/@babel/plugin-syntax-jsx/-/plugin-syntax-jsx-7.16.7.tgz#50b6571d13f764266a113d77c82b4a6508bbe665"
    integrity sha512-Esxmk7YjA8QysKeT3VhTXvF6y77f/a91SIs4pWb4H2eWGQkCKFgQaG6hdoEVZtGsrAcb2K5BW66XsOErD4WU3Q==
    dependencies:
      "@babel/helper-plugin-utils" "^7.16.7"
  
  "@babel/types@^7.16.0":
    version "7.17.0"
    resolved "https://registry.yarnpkg.com/@babel/types/-/types-7.17.0.tgz#a826e368bccb6b3d84acd76acad5c0d87342390b"
    integrity sha512-TmKSNO4D5rzhL5bjWFcVHHLETzfQ/AmbKpKPOSjlP0WoHZ6L911fgoOKY4Alp/emzG4cHJdyN49zpgkbXFEHHw==
    dependencies:
      "@babel/helper-validator-identifier" "^7.16.7"
      to-fast-properties "^2.0.0"
  
  "@ethersproject/abstract-provider@^5.5.0":
    version "5.5.1"
    resolved "https://registry.yarnpkg.com/@ethersproject/abstract-provider/-/abstract-provider-5.5.1.tgz#2f1f6e8a3ab7d378d8ad0b5718460f85649710c5"
    integrity sha512-m+MA/ful6eKbxpr99xUYeRvLkfnlqzrF8SZ46d/xFB1A7ZVknYc/sXJG0RcufF52Qn2jeFj1hhcoQ7IXjNKUqg==
    dependencies:
      "@ethersproject/bignumber" "^5.5.0"
      "@ethersproject/bytes" "^5.5.0"
      "@ethersproject/logger" "^5.5.0"
      "@ethersproject/networks" "^5.5.0"
      "@ethersproject/properties" "^5.5.0"
      "@ethersproject/transactions" "^5.5.0"
      "@ethersproject/web" "^5.5.0"
  
  "@ethersproject/abstract-signer@^5.5.0":
    version "5.5.0"
    resolved "https://registry.yarnpkg.com/@ethersproject/abstract-signer/-/abstract-signer-5.5.0.tgz#590ff6693370c60ae376bf1c7ada59eb2a8dd08d"
    integrity sha512-lj//7r250MXVLKI7sVarXAbZXbv9P50lgmJQGr2/is82EwEb8r7HrxsmMqAjTsztMYy7ohrIhGMIml+Gx4D3mA==
    dependencies:
      "@ethersproject/abstract-provider" "^5.5.0"
      "@ethersproject/bignumber" "^5.5.0"
      "@ethersproject/bytes" "^5.5.0"
      "@ethersproject/logger" "^5.5.0"
      "@ethersproject/properties" "^5.5.0"
  
  "@ethersproject/address@^5.5.0":
    version "5.5.0"
    resolved "https://registry.yarnpkg.com/@ethersproject/address/-/address-5.5.0.tgz#bcc6f576a553f21f3dd7ba17248f81b473c9c78f"
    integrity sha512-l4Nj0eWlTUh6ro5IbPTgbpT4wRbdH5l8CQf7icF7sb/SI3Nhd9Y9HzhonTSTi6CefI0necIw7LJqQPopPLZyWw==
    dependencies:
      "@ethersproject/bignumber" "^5.5.0"
      "@ethersproject/bytes" "^5.5.0"
      "@ethersproject/keccak256" "^5.5.0"
      "@ethersproject/logger" "^5.5.0"
      "@ethersproject/rlp" "^5.5.0"
  
  "@ethersproject/base64@^5.5.0":
    version "5.5.0"
    resolved "https://registry.yarnpkg.com/@ethersproject/base64/-/base64-5.5.0.tgz#881e8544e47ed976930836986e5eb8fab259c090"
    integrity sha512-tdayUKhU1ljrlHzEWbStXazDpsx4eg1dBXUSI6+mHlYklOXoXF6lZvw8tnD6oVaWfnMxAgRSKROg3cVKtCcppA==
    dependencies:
      "@ethersproject/bytes" "^5.5.0"
  
  "@ethersproject/basex@^5.5.0":
    version "5.5.0"
    resolved "https://registry.yarnpkg.com/@ethersproject/basex/-/basex-5.5.0.tgz#e40a53ae6d6b09ab4d977bd037010d4bed21b4d3"
    integrity sha512-ZIodwhHpVJ0Y3hUCfUucmxKsWQA5TMnavp5j/UOuDdzZWzJlRmuOjcTMIGgHCYuZmHt36BfiSyQPSRskPxbfaQ==
    dependencies:
      "@ethersproject/bytes" "^5.5.0"
      "@ethersproject/properties" "^5.5.0"
  
  "@ethersproject/bignumber@^5.5.0":
    version "5.5.0"
    resolved "https://registry.yarnpkg.com/@ethersproject/bignumber/-/bignumber-5.5.0.tgz#875b143f04a216f4f8b96245bde942d42d279527"
    integrity sha512-6Xytlwvy6Rn3U3gKEc1vP7nR92frHkv6wtVr95LFR3jREXiCPzdWxKQ1cx4JGQBXxcguAwjA8murlYN2TSiEbg==
    dependencies:
      "@ethersproject/bytes" "^5.5.0"
      "@ethersproject/logger" "^5.5.0"
      bn.js "^4.11.9"
  
  "@ethersproject/bytes@^5.5.0":
    version "5.5.0"
    resolved "https://registry.yarnpkg.com/@ethersproject/bytes/-/bytes-5.5.0.tgz#cb11c526de657e7b45d2e0f0246fb3b9d29a601c"
    integrity sha512-ABvc7BHWhZU9PNM/tANm/Qx4ostPGadAuQzWTr3doklZOhDlmcBqclrQe/ZXUIj3K8wC28oYeuRa+A37tX9kog==
    dependencies:
      "@ethersproject/logger" "^5.5.0"
  
  "@ethersproject/constants@^5.5.0":
    version "5.5.0"
    resolved "https://registry.yarnpkg.com/@ethersproject/constants/-/constants-5.5.0.tgz#d2a2cd7d94bd1d58377d1d66c4f53c9be4d0a45e"
    integrity sha512-2MsRRVChkvMWR+GyMGY4N1sAX9Mt3J9KykCsgUFd/1mwS0UH1qw+Bv9k1UJb3X3YJYFco9H20pjSlOIfCG5HYQ==
    dependencies:
      "@ethersproject/bignumber" "^5.5.0"
  
  "@ethersproject/hash@^5.5.0":
    version "5.5.0"
    resolved "https://registry.yarnpkg.com/@ethersproject/hash/-/hash-5.5.0.tgz#7cee76d08f88d1873574c849e0207dcb32380cc9"
    integrity sha512-dnGVpK1WtBjmnp3mUT0PlU2MpapnwWI0PibldQEq1408tQBAbZpPidkWoVVuNMOl/lISO3+4hXZWCL3YV7qzfg==
    dependencies:
      "@ethersproject/abstract-signer" "^5.5.0"
      "@ethersproject/address" "^5.5.0"
      "@ethersproject/bignumber" "^5.5.0"
      "@ethersproject/bytes" "^5.5.0"
      "@ethersproject/keccak256" "^5.5.0"
      "@ethersproject/logger" "^5.5.0"
      "@ethersproject/properties" "^5.5.0"
      "@ethersproject/strings" "^5.5.0"
  
  "@ethersproject/keccak256@^5.5.0":
    version "5.5.0"
    resolved "https://registry.yarnpkg.com/@ethersproject/keccak256/-/keccak256-5.5.0.tgz#e4b1f9d7701da87c564ffe336f86dcee82983492"
    integrity sha512-5VoFCTjo2rYbBe1l2f4mccaRFN/4VQEYFwwn04aJV2h7qf4ZvI2wFxUE1XOX+snbwCLRzIeikOqtAoPwMza9kg==
    dependencies:
      "@ethersproject/bytes" "^5.5.0"
      js-sha3 "0.8.0"
  
  "@ethersproject/logger@^5.5.0":
    version "5.5.0"
    resolved "https://registry.yarnpkg.com/@ethersproject/logger/-/logger-5.5.0.tgz#0c2caebeff98e10aefa5aef27d7441c7fd18cf5d"
    integrity sha512-rIY/6WPm7T8n3qS2vuHTUBPdXHl+rGxWxW5okDfo9J4Z0+gRRZT0msvUdIJkE4/HS29GUMziwGaaKO2bWONBrg==
  
  "@ethersproject/networks@^5.5.0":
    version "5.5.2"
    resolved "https://registry.yarnpkg.com/@ethersproject/networks/-/networks-5.5.2.tgz#784c8b1283cd2a931114ab428dae1bd00c07630b"
    integrity sha512-NEqPxbGBfy6O3x4ZTISb90SjEDkWYDUbEeIFhJly0F7sZjoQMnj5KYzMSkMkLKZ+1fGpx00EDpHQCy6PrDupkQ==
    dependencies:
      "@ethersproject/logger" "^5.5.0"
  
  "@ethersproject/properties@^5.5.0":
    version "5.5.0"
    resolved "https://registry.yarnpkg.com/@ethersproject/properties/-/properties-5.5.0.tgz#61f00f2bb83376d2071baab02245f92070c59995"
    integrity sha512-l3zRQg3JkD8EL3CPjNK5g7kMx4qSwiR60/uk5IVjd3oq1MZR5qUg40CNOoEJoX5wc3DyY5bt9EbMk86C7x0DNA==
    dependencies:
      "@ethersproject/logger" "^5.5.0"
  
  "@ethersproject/providers@^5.5.1":
    version "5.5.2"
    resolved "https://registry.yarnpkg.com/@ethersproject/providers/-/providers-5.5.2.tgz#131ccf52dc17afd0ab69ed444b8c0e3a27297d99"
    integrity sha512-hkbx7x/MKcRjyrO4StKXCzCpWer6s97xnm34xkfPiarhtEUVAN4TBBpamM+z66WcTt7H5B53YwbRj1n7i8pZoQ==
    dependencies:
      "@ethersproject/abstract-provider" "^5.5.0"
      "@ethersproject/abstract-signer" "^5.5.0"
      "@ethersproject/address" "^5.5.0"
      "@ethersproject/basex" "^5.5.0"
      "@ethersproject/bignumber" "^5.5.0"
      "@ethersproject/bytes" "^5.5.0"
      "@ethersproject/constants" "^5.5.0"
      "@ethersproject/hash" "^5.5.0"
      "@ethersproject/logger" "^5.5.0"
      "@ethersproject/networks" "^5.5.0"
      "@ethersproject/properties" "^5.5.0"
      "@ethersproject/random" "^5.5.0"
      "@ethersproject/rlp" "^5.5.0"
      "@ethersproject/sha2" "^5.5.0"
      "@ethersproject/strings" "^5.5.0"
      "@ethersproject/transactions" "^5.5.0"
      "@ethersproject/web" "^5.5.0"
      bech32 "1.1.4"
      ws "7.4.6"
  
  "@ethersproject/random@^5.5.0":
    version "5.5.1"
    resolved "https://registry.yarnpkg.com/@ethersproject/random/-/random-5.5.1.tgz#7cdf38ea93dc0b1ed1d8e480ccdaf3535c555415"
    integrity sha512-YaU2dQ7DuhL5Au7KbcQLHxcRHfgyNgvFV4sQOo0HrtW3Zkrc9ctWNz8wXQ4uCSfSDsqX2vcjhroxU5RQRV0nqA==
    dependencies:
      "@ethersproject/bytes" "^5.5.0"
      "@ethersproject/logger" "^5.5.0"
  
  "@ethersproject/rlp@^5.5.0":
    version "5.5.0"
    resolved "https://registry.yarnpkg.com/@ethersproject/rlp/-/rlp-5.5.0.tgz#530f4f608f9ca9d4f89c24ab95db58ab56ab99a0"
    integrity sha512-hLv8XaQ8PTI9g2RHoQGf/WSxBfTB/NudRacbzdxmst5VHAqd1sMibWG7SENzT5Dj3yZ3kJYx+WiRYEcQTAkcYA==
    dependencies:
      "@ethersproject/bytes" "^5.5.0"
      "@ethersproject/logger" "^5.5.0"
  
  "@ethersproject/sha2@^5.5.0":
    version "5.5.0"
    resolved "https://registry.yarnpkg.com/@ethersproject/sha2/-/sha2-5.5.0.tgz#a40a054c61f98fd9eee99af2c3cc6ff57ec24db7"
    integrity sha512-B5UBoglbCiHamRVPLA110J+2uqsifpZaTmid2/7W5rbtYVz6gus6/hSDieIU/6gaKIDcOj12WnOdiymEUHIAOA==
    dependencies:
      "@ethersproject/bytes" "^5.5.0"
      "@ethersproject/logger" "^5.5.0"
      hash.js "1.1.7"
  
  "@ethersproject/signing-key@^5.5.0":
    version "5.5.0"
    resolved "https://registry.yarnpkg.com/@ethersproject/signing-key/-/signing-key-5.5.0.tgz#2aa37169ce7e01e3e80f2c14325f624c29cedbe0"
    integrity sha512-5VmseH7qjtNmDdZBswavhotYbWB0bOwKIlOTSlX14rKn5c11QmJwGt4GHeo7NrL/Ycl7uo9AHvEqs5xZgFBTng==
    dependencies:
      "@ethersproject/bytes" "^5.5.0"
      "@ethersproject/logger" "^5.5.0"
      "@ethersproject/properties" "^5.5.0"
      bn.js "^4.11.9"
      elliptic "6.5.4"
      hash.js "1.1.7"
  
  "@ethersproject/strings@^5.5.0":
    version "5.5.0"
    resolved "https://registry.yarnpkg.com/@ethersproject/strings/-/strings-5.5.0.tgz#e6784d00ec6c57710755699003bc747e98c5d549"
    integrity sha512-9fy3TtF5LrX/wTrBaT8FGE6TDJyVjOvXynXJz5MT5azq+E6D92zuKNx7i29sWW2FjVOaWjAsiZ1ZWznuduTIIQ==
    dependencies:
      "@ethersproject/bytes" "^5.5.0"
      "@ethersproject/constants" "^5.5.0"
      "@ethersproject/logger" "^5.5.0"
  
  "@ethersproject/transactions@^5.5.0":
    version "5.5.0"
    resolved "https://registry.yarnpkg.com/@ethersproject/transactions/-/transactions-5.5.0.tgz#7e9bf72e97bcdf69db34fe0d59e2f4203c7a2908"
    integrity sha512-9RZYSKX26KfzEd/1eqvv8pLauCKzDTub0Ko4LfIgaERvRuwyaNV78mJs7cpIgZaDl6RJui4o49lHwwCM0526zA==
    dependencies:
      "@ethersproject/address" "^5.5.0"
      "@ethersproject/bignumber" "^5.5.0"
      "@ethersproject/bytes" "^5.5.0"
      "@ethersproject/constants" "^5.5.0"
      "@ethersproject/keccak256" "^5.5.0"
      "@ethersproject/logger" "^5.5.0"
      "@ethersproject/properties" "^5.5.0"
      "@ethersproject/rlp" "^5.5.0"
      "@ethersproject/signing-key" "^5.5.0"
  
  "@ethersproject/web@^5.5.0":
    version "5.5.1"
    resolved "https://registry.yarnpkg.com/@ethersproject/web/-/web-5.5.1.tgz#cfcc4a074a6936c657878ac58917a61341681316"
    integrity sha512-olvLvc1CB12sREc1ROPSHTdFCdvMh0J5GSJYiQg2D0hdD4QmJDy8QYDb1CvoqD/bF1c++aeKv2sR5uduuG9dQg==
    dependencies:
      "@ethersproject/base64" "^5.5.0"
      "@ethersproject/bytes" "^5.5.0"
      "@ethersproject/logger" "^5.5.0"
      "@ethersproject/properties" "^5.5.0"
      "@ethersproject/strings" "^5.5.0"
  
  babel-plugin-jsx-dom-expressions@^0.32.0:
    version "0.32.0"
    resolved "https://registry.yarnpkg.com/babel-plugin-jsx-dom-expressions/-/babel-plugin-jsx-dom-expressions-0.32.0.tgz#bcca91ee0bf2b4ecc8587478984f2c98a4380d77"
    integrity sha512-Tv5mKTCEB3LFEPpFSEFhdRShF5LU6+OuoGPXWZZPakmo5h2bru10e0SvGQTAHFpr+MvFWtXFDx1StC+qR6XR+Q==
    dependencies:
      "@babel/helper-module-imports" "7.16.0"
      "@babel/plugin-syntax-jsx" "^7.16.5"
      "@babel/types" "^7.16.0"
      html-entities "2.3.2"
  
  babel-preset-solid@^1.3.6:
    version "1.3.6"
    resolved "https://registry.yarnpkg.com/babel-preset-solid/-/babel-preset-solid-1.3.6.tgz#5de458ff12459178415e736bdc25cc38776d4835"
    integrity sha512-UTSrdMpDnJjeFZBHQ7FU8c43LiT6RmIa5oM2IzMhhVmRjKw6PXbw3oG0NGMOYzMLxZ6CQ+Q/xu0hEZOIP1Ivaw==
    dependencies:
      babel-plugin-jsx-dom-expressions "^0.32.0"
  
  bech32@1.1.4:
    version "1.1.4"
    resolved "https://registry.yarnpkg.com/bech32/-/bech32-1.1.4.tgz#e38c9f37bf179b8eb16ae3a772b40c356d4832e9"
    integrity sha512-s0IrSOzLlbvX7yp4WBfPITzpAU8sqQcpsmwXDiKwrG4r491vwCO/XpejasRNl0piBMe/DvP4Tz0mIS/X1DPJBQ==
  
  bn.js@^4.11.9:
    version "4.12.0"
    resolved "https://registry.yarnpkg.com/bn.js/-/bn.js-4.12.0.tgz#775b3f278efbb9718eec7361f483fb36fbbfea88"
    integrity sha512-c98Bf3tPniI+scsdk237ku1Dc3ujXQTSgyiPUDEOe7tRkhrqridvh8klBv0HCEso1OLOYcHuCv/cS6DNxKH+ZA==
  
  brorand@^1.1.0:
    version "1.1.0"
    resolved "https://registry.yarnpkg.com/brorand/-/brorand-1.1.0.tgz#12c25efe40a45e3c323eb8675a0a0ce57b22371f"
    integrity sha1-EsJe/kCkXjwyPrhnWgoM5XsiNx8=
  
  elliptic@6.5.4:
    version "6.5.4"
    resolved "https://registry.yarnpkg.com/elliptic/-/elliptic-6.5.4.tgz#da37cebd31e79a1367e941b592ed1fbebd58abbb"
    integrity sha512-iLhC6ULemrljPZb+QutR5TQGB+pdW6KGD5RSegS+8sorOZT+rdQFbsQFJgvN3eRqNALqJer4oQ16YvJHlU8hzQ==
    dependencies:
      bn.js "^4.11.9"
      brorand "^1.1.0"
      hash.js "^1.0.0"
      hmac-drbg "^1.0.1"
      inherits "^2.0.4"
      minimalistic-assert "^1.0.1"
      minimalistic-crypto-utils "^1.0.1"
  
  hash.js@1.1.7, hash.js@^1.0.0, hash.js@^1.0.3:
    version "1.1.7"
    resolved "https://registry.yarnpkg.com/hash.js/-/hash.js-1.1.7.tgz#0babca538e8d4ee4a0f8988d68866537a003cf42"
    integrity sha512-taOaskGt4z4SOANNseOviYDvjEJinIkRgmp7LbKP2YTTmVxWBl87s/uzK9r+44BclBSp2X7K1hqeNfz9JbBeXA==
    dependencies:
      inherits "^2.0.3"
      minimalistic-assert "^1.0.1"
  
  hmac-drbg@^1.0.1:
    version "1.0.1"
    resolved "https://registry.yarnpkg.com/hmac-drbg/-/hmac-drbg-1.0.1.tgz#d2745701025a6c775a6c545793ed502fc0c649a1"
    integrity sha1-0nRXAQJabHdabFRXk+1QL8DGSaE=
    dependencies:
      hash.js "^1.0.3"
      minimalistic-assert "^1.0.0"
      minimalistic-crypto-utils "^1.0.1"
  
  html-entities@2.3.2:
    version "2.3.2"
    resolved "https://registry.yarnpkg.com/html-entities/-/html-entities-2.3.2.tgz#760b404685cb1d794e4f4b744332e3b00dcfe488"
    integrity sha512-c3Ab/url5ksaT0WyleslpBEthOzWhrjQbg75y7XUsfSzi3Dgzt0l8w5e7DylRn15MTlMMD58dTfzddNS2kcAjQ==
  
  inherits@^2.0.3, inherits@^2.0.4:
    version "2.0.4"
    resolved "https://registry.yarnpkg.com/inherits/-/inherits-2.0.4.tgz#0fa2c64f932917c3433a0ded55363aae37416b7c"
    integrity sha512-k/vGaX4/Yla3WzyMCvTQOXYeIHvqOKtnqBduzTHpzpQZzAskKMhZ2K+EnBiSM9zGSoIFeMpXKxa4dYeZIQqewQ==
  
  js-sha3@0.8.0:
    version "0.8.0"
    resolved "https://registry.yarnpkg.com/js-sha3/-/js-sha3-0.8.0.tgz#b9b7a5da73afad7dedd0f8c463954cbde6818840"
    integrity sha512-gF1cRrHhIzNfToc802P800N8PpXS+evLLXfsVpowqmAFR9uwbi89WvXg2QspOmXL8QL86J4T1EpFu+yUkwJY3Q==
  
  minimalistic-assert@^1.0.0, minimalistic-assert@^1.0.1:
    version "1.0.1"
    resolved "https://registry.yarnpkg.com/minimalistic-assert/-/minimalistic-assert-1.0.1.tgz#2e194de044626d4a10e7f7fbc00ce73e83e4d5c7"
    integrity sha512-UtJcAD4yEaGtjPezWuO9wC4nwUnVH/8/Im3yEHQP4b67cXlD/Qr9hdITCU1xDbSEXg2XKNaP8jsReV7vQd00/A==
  
  minimalistic-crypto-utils@^1.0.1:
    version "1.0.1"
    resolved "https://registry.yarnpkg.com/minimalistic-crypto-utils/-/minimalistic-crypto-utils-1.0.1.tgz#f6c00c1c0b082246e5c4d99dfb8c7c083b2b582a"
    integrity sha1-9sAMHAsIIkblxNmd+4x8CDsrWCo=
  
  solid-js@^1.3.7:
    version "1.3.7"
    resolved "https://registry.yarnpkg.com/solid-js/-/solid-js-1.3.7.tgz#4d9568544143ddee2fc4a18fb69e110571012d83"
    integrity sha512-YAz0NQhIZ8yCR2VZK8aMjNrWMU4gnmCgzqy7EpMF7WsyWV3PSoO3HvDs3kR75Ejk/a4ohfxQNiLhC9TOQltXSA==
  
  to-fast-properties@^2.0.0:
    version "2.0.0"
    resolved "https://registry.yarnpkg.com/to-fast-properties/-/to-fast-properties-2.0.0.tgz#dc5e698cbd079265bc73e0377681a4e4e83f616e"
    integrity sha1-3F5pjL0HkmW8c+A3doGk5Og/YW4=
  
  typescript@^4.5.5:
    version "4.5.5"
    resolved "https://registry.yarnpkg.com/typescript/-/typescript-4.5.5.tgz#d8c953832d28924a9e3d37c73d729c846c5896f3"
    integrity sha512-TCTIul70LyWe6IJWT8QSYeA54WQe8EjQFU4wY52Fasj5UKx88LNYKCgBEHcOMOrFF1rKGbD8v/xcNWVUq9SymA==
  
  use-sync-external-store@1.0.0-beta-96ca8d915-20211115:
    version "1.0.0-beta-96ca8d915-20211115"
    resolved "https://registry.yarnpkg.com/use-sync-external-store/-/use-sync-external-store-1.0.0-beta-96ca8d915-20211115.tgz#80777c497f60b57ca23f52de760ff22080814a3c"
    integrity sha512-Xkzd7SoZv29jYc95GO0k1v69oSHUdC+4nNaBQ309zvFFyvzYn+I87ee+OD1RKF8SGRwkEJQxjyFzYRcncdpSSg==
  
  ws@7.4.6:
    version "7.4.6"
    resolved "https://registry.yarnpkg.com/ws/-/ws-7.4.6.tgz#5654ca8ecdeee47c33a9a4bf6d28e2be2980377c"
    integrity sha512-YmhHDO4MzaDLB+M9ym/mDA5z0naX8j7SIlT8f8z+I0VtzsRbekxEutHSme7NPS2qE8StCYQNUnfWdXta/Yu85A==
  
  zustand@^4.0.0-beta.0:
    version "4.0.0-beta.0"
    resolved "https://registry.yarnpkg.com/zustand/-/zustand-4.0.0-beta.0.tgz#880bb21d9308ebc733a2ae07edd7c2c7b4f68eed"
    integrity sha512-m7POAHkAeTEQqUdGC9M62/KXSsX6YQu6Gd4CiGZ6FOOTaUp1a0Hm9D8/fnBiMv8rGg0dfZu19JFSbRT9b+qQwA==
    dependencies:
      use-sync-external-store "1.0.0-beta-96ca8d915-20211115"
